<?xml version="1.0" encoding="UTF-8" ?>
<testsuite tests="4" failures="0" name="org.jleopard.jleopard.ApplicationTest" time="1.078" errors="0" skipped="0">
  <properties>
[...]
</properties>
  <testcase classname="org.jleopard.jleopard.ApplicationTest" name="xmlTest" time="0.907"/>
  <testcase classname="org.jleopard.jleopard.ApplicationTest" name="SQLTTt" time="0.012"/>
  <testcase classname="org.jleopard.jleopard.ApplicationTest" name="GeneratorTest" time="0.097"/>
  <testcase classname="org.jleopard.jleopard.ApplicationTest" name="SqlTest" time="0.062"/>
</testsuite>